{
  "stats": {
    "suites": 8,
    "tests": 31,
    "passes": 31,
    "pending": 0,
    "failures": 0,
    "start": "2024-04-05T10:14:15.885Z",
    "end": "2024-04-05T10:14:17.470Z",
    "duration": 1585,
    "testsRegistered": 31,
    "passPercent": 100,
    "pendingPercent": 0,
    "other": 0,
    "hasOther": false,
    "skipped": 0,
    "hasSkipped": false
  },
  "results": [
    {
      "uuid": "d1e673a1-b9ab-412e-8564-31a2770b6438",
      "title": "",
      "fullFile": "cypress/e2e/backend/endpoints.cy.js",
      "file": "cypress/e2e/backend/endpoints.cy.js",
      "beforeHooks": [],
      "afterHooks": [],
      "tests": [],
      "suites": [
        {
          "uuid": "36ac2ff3-cb87-49fb-9302-00a90154f90e",
          "title": "GET /api/products",
          "fullFile": "",
          "file": "",
          "beforeHooks": [],
          "afterHooks": [],
          "tests": [
            {
              "title": "returns 200 - success",
              "fullTitle": "GET /api/products returns 200 - success",
              "timedOut": null,
              "duration": 286,
              "state": "passed",
              "speed": "fast",
              "pass": true,
              "fail": false,
              "pending": false,
              "context": null,
              "code": "cy.request(endpoint).then(response => {\n  expect(response.status).to.be.eq(200);\n  expect(response.headers[\"content-type\"]).to.contains(\"application/json\");\n  for (let product of response.body) {\n    expect(product.id).to.be.a(\"string\");\n    expect(product.id).to.be.match(_pattern.UUIDv4);\n    expect(product.name).to.be.a(\"string\");\n    expect(product.description).to.be.a(\"string\");\n    expect(product.category).to.be.a(\"string\");\n    expect(product.originalPrice).to.be.a(\"number\");\n    expect(product.pictureUrl).to.be.a(\"string\");\n    expect(product.endDate).to.be.a(\"string\");\n    expect(product.endDate).to.match(_pattern.IOS8601);\n    expect(product.seller.id).to.be.a(\"string\");\n    expect(product.seller.username).to.be.a(\"string\");\n    for (let bid of product.bids) {\n      expect(bid.id).to.be.a(\"string\");\n      expect(bid.id).to.match(_pattern.UUIDv4);\n      expect(bid.price).to.be.a(\"number\");\n      expect(bid.date).to.be.a(\"string\");\n      expect(bid.date).to.match(_pattern.IOS8601);\n    }\n    const fixtureProduct = response.body.find(item => {\n      return item.id === \"a0f7c522-78f8-442e-a55d-642cfe566634\";\n    });\n    expect(fixtureProduct.id).to.be.eq(\"a0f7c522-78f8-442e-a55d-642cfe566634\");\n    expect(fixtureProduct.name).to.be.eq(\"Lot de casseroles\");\n    expect(fixtureProduct.description).to.be.eq(\"Ensemble de casseroles de qualité supérieure pour répondre à tous vos besoins culinaires.\");\n    expect(fixtureProduct.category).to.be.eq(\"Cuisine\");\n    expect(fixtureProduct.originalPrice).to.be.eq(40);\n    expect(fixtureProduct.pictureUrl).to.be.eq(\"https://image.noelshack.com/fichiers/2023/12/4/1679526253-65535-51812547429-fe1cc0d832-c-512-512-nofilter.jpg\");\n    expect(fixtureProduct.seller.id).to.be.eq(_tokens.aliceId);\n    expect(fixtureProduct.seller.username).to.be.eq(\"alice\");\n    expect(fixtureProduct.bids.some(bid => bid.price === 65)).to.be.true;\n  }\n});",
              "err": {},
              "uuid": "35cc94f2-73e4-4df9-9492-261cd415e7e3",
              "parentUUID": "36ac2ff3-cb87-49fb-9302-00a90154f90e",
              "isHook": false,
              "skipped": false
            }
          ],
          "suites": [],
          "passes": [
            "35cc94f2-73e4-4df9-9492-261cd415e7e3"
          ],
          "failures": [],
          "pending": [],
          "skipped": [],
          "duration": 286,
          "root": false,
          "rootEmpty": false,
          "_timeout": 2000
        },
        {
          "uuid": "02f74681-dc71-4476-aafc-3329055e917d",
          "title": "POST /api/products",
          "fullFile": "",
          "file": "",
          "beforeHooks": [],
          "afterHooks": [],
          "tests": [
            {
              "title": "returns 401 - not authorized",
              "fullTitle": "POST /api/products returns 401 - not authorized",
              "timedOut": null,
              "duration": 66,
              "state": "passed",
              "speed": "fast",
              "pass": true,
              "fail": false,
              "pending": false,
              "context": null,
              "code": "cy.request({\n  method: \"POST\",\n  url: \"http://localhost:3000/api/products\",\n  headers: {\n    Authorization: `Bearer BAD_TOKEN`\n  },\n  body: {\n    name: \"New Product\",\n    description: \"This is a new product\",\n    category: \"Electronics\",\n    originalPrice: 99,\n    pictureUrl: \"https://example.com/product.jpg\",\n    endDate: \"2023-04-01T00:00:00.000Z\"\n  },\n  failOnStatusCode: false\n}).its(\"status\").should(\"equal\", 401);",
              "err": {},
              "uuid": "d36c0832-035e-4c4d-bffb-450e77d87cf9",
              "parentUUID": "02f74681-dc71-4476-aafc-3329055e917d",
              "isHook": false,
              "skipped": false
            },
            {
              "title": "returns 201 - created",
              "fullTitle": "POST /api/products returns 201 - created",
              "timedOut": null,
              "duration": 53,
              "state": "passed",
              "speed": "fast",
              "pass": true,
              "fail": false,
              "pending": false,
              "context": null,
              "code": "// Create a new product\ncy.request({\n  method: \"POST\",\n  url: \"http://localhost:3000/api/products\",\n  headers: {\n    Authorization: `Bearer ${_tokens.aliceToken}`\n  },\n  body: {\n    name: \"New Product\",\n    description: \"This is a new product\",\n    category: \"Electronics\",\n    originalPrice: 99,\n    pictureUrl: \"https://example.com/product.jpg\",\n    endDate: \"2023-04-01T00:00:00.000Z\"\n  }\n}).then(response => {\n  // Assert that the response is as expected\n  expect(response.status).to.eq(201);\n  expect(response.body.id).to.be.match(_pattern.UUIDv4);\n  expect(response.body.name).to.eq(\"New Product\");\n  expect(response.body.description).to.eq(\"This is a new product\");\n  expect(response.body.category).to.eq(\"Electronics\");\n  expect(response.body.originalPrice).to.eq(99);\n  expect(response.body.pictureUrl).to.eq(\"https://example.com/product.jpg\");\n  expect(response.body.endDate).to.eq(\"2023-04-01T00:00:00.000Z\");\n  expect(response.body.sellerId).to.eq(_tokens.aliceId);\n});",
              "err": {},
              "uuid": "fae18dbe-dd63-4801-b437-19ff15678feb",
              "parentUUID": "02f74681-dc71-4476-aafc-3329055e917d",
              "isHook": false,
              "skipped": false
            },
            {
              "title": "returns 400 - missing or invalid fields",
              "fullTitle": "POST /api/products returns 400 - missing or invalid fields",
              "timedOut": null,
              "duration": 44,
              "state": "passed",
              "speed": "fast",
              "pass": true,
              "fail": false,
              "pending": false,
              "context": null,
              "code": "// Create a new product\ncy.request({\n  method: \"POST\",\n  url: \"http://localhost:3000/api/products\",\n  headers: {\n    Authorization: `Bearer ${_tokens.aliceToken}`\n  },\n  body: {\n    // Missing name: \"Machine à écrire\",\n    description: \"Machine à écrire vintage en parfait état de fonctionnement pour une expérience d'écriture unique et authentique.\",\n    pictureUrl: \"https://picsum.photos/id/403/512/512\",\n    category: \"High-Tech\",\n    originalPrice: 200,\n    endDate: \"2026-01-01T09:00:00Z\"\n  },\n  failOnStatusCode: false\n}).then(req => {\n  expect(req.status).to.be.eq(400);\n  expect(req.body.error).to.be.eq(\"Invalid or missing fields\");\n  expect(req.body.details).to.exist;\n});",
              "err": {},
              "uuid": "11eadedf-696e-4145-8611-bc7e57dea870",
              "parentUUID": "02f74681-dc71-4476-aafc-3329055e917d",
              "isHook": false,
              "skipped": false
            },
            {
              "title": "check mutation - object created in database",
              "fullTitle": "POST /api/products check mutation - object created in database",
              "timedOut": null,
              "duration": 41,
              "state": "passed",
              "speed": "fast",
              "pass": true,
              "fail": false,
              "pending": false,
              "context": null,
              "code": "// Create a new product\n(0, _orm.getProducts)().then(({\n  products: productsBeforeCreation\n}) => {\n  (0, _orm.createProduct)().then(({\n    product\n  }) => {\n    (0, _orm.getProducts)().then(({\n      products: productsAfterCreation\n    }) => {\n      const newProducts = productsAfterCreation.filter(product => productsBeforeCreation.every(existingProduct => existingProduct.id !== product.id));\n      expect(newProducts.length).to.be.eq(1);\n      const newProduct = newProducts[0];\n      expect(newProduct.id).to.be.match(_pattern.UUIDv4);\n      expect(newProduct.name).to.eq(name);\n      expect(newProduct.description).to.eq(product.description);\n      expect(newProduct.category).to.eq(product.category);\n      expect(newProduct.originalPrice).to.eq(product.originalPrice);\n      expect(newProduct.pictureUrl).to.eq(product.pictureUrl);\n      expect(newProduct.endDate).to.eq(product.endDate);\n      expect(newProduct.seller.id).to.eq(_tokens.aliceId);\n      expect(newProduct.seller.username).to.eq(\"alice\");\n    });\n  });\n});",
              "err": {},
              "uuid": "b6276c04-0b63-453e-b153-2f50260b0fff",
              "parentUUID": "02f74681-dc71-4476-aafc-3329055e917d",
              "isHook": false,
              "skipped": false
            }
          ],
          "suites": [],
          "passes": [
            "d36c0832-035e-4c4d-bffb-450e77d87cf9",
            "fae18dbe-dd63-4801-b437-19ff15678feb",
            "11eadedf-696e-4145-8611-bc7e57dea870",
            "b6276c04-0b63-453e-b153-2f50260b0fff"
          ],
          "failures": [],
          "pending": [],
          "skipped": [],
          "duration": 204,
          "root": false,
          "rootEmpty": false,
          "_timeout": 2000
        },
        {
          "uuid": "c99291b7-b6cb-448c-8b78-425d6a4fb8ff",
          "title": "GET /api/products/:productId",
          "fullFile": "",
          "file": "",
          "beforeHooks": [],
          "afterHooks": [],
          "tests": [
            {
              "title": "returns 404 - not found",
              "fullTitle": "GET /api/products/:productId returns 404 - not found",
              "timedOut": null,
              "duration": 42,
              "state": "passed",
              "speed": "fast",
              "pass": true,
              "fail": false,
              "pending": false,
              "context": null,
              "code": "cy.request({\n  url: \"http://localhost:3000/api/products/not-existing-id\",\n  failOnStatusCode: false\n}).its(\"status\").should(\"equal\", 404);",
              "err": {},
              "uuid": "1e7262b3-08e4-4c45-959a-5409396ac29b",
              "parentUUID": "c99291b7-b6cb-448c-8b78-425d6a4fb8ff",
              "isHook": false,
              "skipped": false
            },
            {
              "title": "returns 200 - success",
              "fullTitle": "GET /api/products/:productId returns 200 - success",
              "timedOut": null,
              "duration": 41,
              "state": "passed",
              "speed": "fast",
              "pass": true,
              "fail": false,
              "pending": false,
              "context": null,
              "code": "cy.request(endpoint).then(response => {\n  expect(response.status).to.be.eq(200);\n  expect(response.headers[\"content-type\"]).to.includes(\"application/json\");\n  const product = response.body;\n  expect(product.id).to.be.eq(\"a0f7c522-78f8-442e-a55d-642cfe566634\");\n  expect(product.name).to.be.eq(\"Lot de casseroles\");\n  expect(product.description).to.be.eq(\"Ensemble de casseroles de qualité supérieure pour répondre à tous vos besoins culinaires.\");\n  expect(product.category).to.be.eq(\"Cuisine\");\n  expect(product.originalPrice).to.be.eq(40);\n  expect(product.pictureUrl).to.be.eq(\"https://image.noelshack.com/fichiers/2023/12/4/1679526253-65535-51812547429-fe1cc0d832-c-512-512-nofilter.jpg\");\n  expect(product.seller.id).to.be.eq(_tokens.aliceId);\n  expect(product.seller.username).to.be.eq(\"alice\");\n  const bid = response.body.bids.find(bid => bid.price === 65);\n  expect(bid.id).to.be.eq(\"8ccc6e79-f3c9-43e9-b47e-5be7b84d8de7\");\n  expect(bid.bidder.id).to.be.eq(_tokens.charlyId);\n  expect(bid.bidder.username).to.be.eq(\"charly\");\n});",
              "err": {},
              "uuid": "640495b1-9657-4351-8aeb-e2a70f0320fc",
              "parentUUID": "c99291b7-b6cb-448c-8b78-425d6a4fb8ff",
              "isHook": false,
              "skipped": false
            }
          ],
          "suites": [],
          "passes": [
            "1e7262b3-08e4-4c45-959a-5409396ac29b",
            "640495b1-9657-4351-8aeb-e2a70f0320fc"
          ],
          "failures": [],
          "pending": [],
          "skipped": [],
          "duration": 83,
          "root": false,
          "rootEmpty": false,
          "_timeout": 2000
        },
        {
          "uuid": "89742a46-9d32-4ed5-ad21-64b32b51fd0b",
          "title": "PUT /api/products/:productId",
          "fullFile": "",
          "file": "",
          "beforeHooks": [],
          "afterHooks": [],
          "tests": [
            {
              "title": "returns 401 - not authorized",
              "fullTitle": "PUT /api/products/:productId returns 401 - not authorized",
              "timedOut": null,
              "duration": 33,
              "state": "passed",
              "speed": "fast",
              "pass": true,
              "fail": false,
              "pending": false,
              "context": null,
              "code": "cy.request({\n  method: \"PUT\",\n  url: endpoint,\n  headers: {\n    Authorization: `Bearer BAD_TOKEN`\n  },\n  body: {\n    name: \"Machine à écrire\",\n    description: \"Machine à écrire vintage en parfait état de fonctionnement pour une expérience d'écriture unique et authentique.\",\n    pictureUrl: \"https://picsum.photos/id/403/512/512\",\n    category: \"High-Tech\",\n    originalPrice: 200,\n    endDate: \"2026-01-01T09:00:00Z\"\n  },\n  failOnStatusCode: false\n}).its(\"status\").should(\"equal\", 401);",
              "err": {},
              "uuid": "31d32112-a776-43a5-a9ea-ec62361f43cd",
              "parentUUID": "89742a46-9d32-4ed5-ad21-64b32b51fd0b",
              "isHook": false,
              "skipped": false
            },
            {
              "title": "returns 200 - success, when owner edit",
              "fullTitle": "PUT /api/products/:productId returns 200 - success, when owner edit",
              "timedOut": null,
              "duration": 34,
              "state": "passed",
              "speed": "fast",
              "pass": true,
              "fail": false,
              "pending": false,
              "context": null,
              "code": "cy.request({\n  url: endpoint,\n  method: \"PUT\",\n  headers: {\n    Authorization: `Bearer ${_tokens.aliceToken}`\n  },\n  body: {\n    name: \"Machine à écrire\",\n    description: \"Machine à écrire vintage en parfait état de fonctionnement pour une expérience d'écriture unique et authentique.\",\n    pictureUrl: \"https://picsum.photos/id/403/512/512\",\n    category: \"High-Tech\",\n    originalPrice: 200,\n    endDate: \"2026-01-01T09:00:00Z\"\n  }\n}).its(\"status\").should(\"equal\", 200);",
              "err": {},
              "uuid": "47b21332-c782-4c57-bc83-696a6802b664",
              "parentUUID": "89742a46-9d32-4ed5-ad21-64b32b51fd0b",
              "isHook": false,
              "skipped": false
            },
            {
              "title": "returns 403 - forbidden, when non owner edit",
              "fullTitle": "PUT /api/products/:productId returns 403 - forbidden, when non owner edit",
              "timedOut": null,
              "duration": 32,
              "state": "passed",
              "speed": "fast",
              "pass": true,
              "fail": false,
              "pending": false,
              "context": null,
              "code": "cy.request({\n  url: endpoint,\n  method: \"PUT\",\n  headers: {\n    Authorization: `Bearer ${_tokens.bobToken}`\n  },\n  body: {\n    name: \"Machine à écrire\",\n    description: \"Machine à écrire vintage en parfait état de fonctionnement pour une expérience d'écriture unique et authentique.\",\n    pictureUrl: \"https://picsum.photos/id/403/512/512\",\n    category: \"High-Tech\",\n    originalPrice: 200,\n    endDate: \"2026-01-01T09:00:00Z\"\n  },\n  failOnStatusCode: false\n}).its(\"status\").should(\"equal\", 403);",
              "err": {},
              "uuid": "8f9280a3-838d-4ef3-8044-12a6e9d90e24",
              "parentUUID": "89742a46-9d32-4ed5-ad21-64b32b51fd0b",
              "isHook": false,
              "skipped": false
            },
            {
              "title": "returns 200 - success, when admin edit",
              "fullTitle": "PUT /api/products/:productId returns 200 - success, when admin edit",
              "timedOut": null,
              "duration": 27,
              "state": "passed",
              "speed": "fast",
              "pass": true,
              "fail": false,
              "pending": false,
              "context": null,
              "code": "cy.request({\n  url: endpoint,\n  method: \"PUT\",\n  headers: {\n    Authorization: `Bearer ${_tokens.adminToken}`\n  },\n  body: {\n    name: \"Machine à écrire\",\n    description: \"Machine à écrire vintage en parfait état de fonctionnement pour une expérience d'écriture unique et authentique.\",\n    pictureUrl: \"https://picsum.photos/id/403/512/512\",\n    category: \"High-Tech\",\n    originalPrice: 200,\n    endDate: \"2026-01-01T09:00:00Z\"\n  }\n}).its(\"status\").should(\"equal\", 200);",
              "err": {},
              "uuid": "e56d8989-5937-4c88-9b94-72c6f322bdeb",
              "parentUUID": "89742a46-9d32-4ed5-ad21-64b32b51fd0b",
              "isHook": false,
              "skipped": false
            },
            {
              "title": "returns 404 - not found",
              "fullTitle": "PUT /api/products/:productId returns 404 - not found",
              "timedOut": null,
              "duration": 36,
              "state": "passed",
              "speed": "fast",
              "pass": true,
              "fail": false,
              "pending": false,
              "context": null,
              "code": "cy.request({\n  url: \"http://localhost:3000/api/products/not-existing-id\",\n  method: \"PUT\",\n  headers: {\n    Authorization: `Bearer ${_tokens.aliceToken}`\n  },\n  body: {\n    name: \"Machine à écrire\",\n    description: \"Machine à écrire vintage en parfait état de fonctionnement pour une expérience d'écriture unique et authentique.\",\n    pictureUrl: \"https://picsum.photos/id/403/512/512\",\n    category: \"High-Tech\",\n    originalPrice: 200,\n    endDate: \"2026-01-01T09:00:00Z\"\n  },\n  failOnStatusCode: false\n}).its(\"status\").should(\"equal\", 404);",
              "err": {},
              "uuid": "9e13feba-ef53-43aa-936c-ac70934b3ccf",
              "parentUUID": "89742a46-9d32-4ed5-ad21-64b32b51fd0b",
              "isHook": false,
              "skipped": false
            },
            {
              "title": "check mutation - object updated in database",
              "fullTitle": "PUT /api/products/:productId check mutation - object updated in database",
              "timedOut": null,
              "duration": 45,
              "state": "passed",
              "speed": "fast",
              "pass": true,
              "fail": false,
              "pending": false,
              "context": null,
              "code": "const newProductData = (0, _orm.buildProduct)();\ncy.request({\n  url: endpoint,\n  method: \"PUT\",\n  headers: {\n    Authorization: `Bearer ${_tokens.aliceToken}`\n  },\n  body: {\n    name: newProductData.name,\n    description: newProductData.description,\n    pictureUrl: newProductData.pictureUrl,\n    category: newProductData.category,\n    originalPrice: newProductData.originalPrice,\n    endDate: newProductData.endDate.toISOString()\n  }\n}).then(() => {\n  cy.request(endpoint).then(response => {\n    const product = response.body;\n    expect(response.status).to.be.eq(200);\n    expect(product.id).to.be.eq(\"a0f7c522-78f8-442e-a55d-642cfe566634\");\n    expect(product.name).to.be.eq(newProductData.name);\n    expect(product.description).to.be.eq(newProductData.description);\n    expect(product.category).to.be.eq(newProductData.category);\n    expect(product.originalPrice).to.be.eq(newProductData.originalPrice);\n    expect(product.pictureUrl).to.be.eq(newProductData.pictureUrl);\n    expect(product.endDate).to.be.eq(newProductData.endDate.toISOString());\n    expect(product.seller.id).to.be.eq(_tokens.aliceId);\n    expect(product.seller.username).to.be.eq(\"alice\");\n  });\n});",
              "err": {},
              "uuid": "4c936dfb-9cf2-4531-a479-6085400bb174",
              "parentUUID": "89742a46-9d32-4ed5-ad21-64b32b51fd0b",
              "isHook": false,
              "skipped": false
            }
          ],
          "suites": [],
          "passes": [
            "31d32112-a776-43a5-a9ea-ec62361f43cd",
            "47b21332-c782-4c57-bc83-696a6802b664",
            "8f9280a3-838d-4ef3-8044-12a6e9d90e24",
            "e56d8989-5937-4c88-9b94-72c6f322bdeb",
            "9e13feba-ef53-43aa-936c-ac70934b3ccf",
            "4c936dfb-9cf2-4531-a479-6085400bb174"
          ],
          "failures": [],
          "pending": [],
          "skipped": [],
          "duration": 207,
          "root": false,
          "rootEmpty": false,
          "_timeout": 2000
        },
        {
          "uuid": "f3dc0bca-2835-4898-b680-570f275f9797",
          "title": "DELETE /api/products/:productId",
          "fullFile": "",
          "file": "",
          "beforeHooks": [],
          "afterHooks": [],
          "tests": [
            {
              "title": "returns 401 - not authorized",
              "fullTitle": "DELETE /api/products/:productId returns 401 - not authorized",
              "timedOut": null,
              "duration": 30,
              "state": "passed",
              "speed": "fast",
              "pass": true,
              "fail": false,
              "pending": false,
              "context": null,
              "code": "cy.request({\n  method: \"DELETE\",\n  url: endpoint,\n  headers: {\n    Authorization: `Bearer BAD_TOKEN`\n  },\n  failOnStatusCode: false\n}).its(\"status\").should(\"equal\", 401);",
              "err": {},
              "uuid": "76983b87-a654-4bd7-bd60-a167d87bce0b",
              "parentUUID": "f3dc0bca-2835-4898-b680-570f275f9797",
              "isHook": false,
              "skipped": false
            },
            {
              "title": "returns 204 - success, when owner edit",
              "fullTitle": "DELETE /api/products/:productId returns 204 - success, when owner edit",
              "timedOut": null,
              "duration": 32,
              "state": "passed",
              "speed": "fast",
              "pass": true,
              "fail": false,
              "pending": false,
              "context": null,
              "code": "cy.request({\n  url: endpoint,\n  method: \"DELETE\",\n  headers: {\n    Authorization: `Bearer ${_tokens.aliceToken}`\n  }\n}).its(\"status\").should(\"equal\", 204);",
              "err": {},
              "uuid": "746320b1-5e88-4ca9-8432-1a4dd53ea5bb",
              "parentUUID": "f3dc0bca-2835-4898-b680-570f275f9797",
              "isHook": false,
              "skipped": false
            },
            {
              "title": "returns 403 - forbidden, when non owner edit",
              "fullTitle": "DELETE /api/products/:productId returns 403 - forbidden, when non owner edit",
              "timedOut": null,
              "duration": 29,
              "state": "passed",
              "speed": "fast",
              "pass": true,
              "fail": false,
              "pending": false,
              "context": null,
              "code": "cy.request({\n  url: endpoint,\n  method: \"DELETE\",\n  headers: {\n    Authorization: `Bearer ${_tokens.bobToken}`\n  },\n  failOnStatusCode: false\n}).its(\"status\").should(\"equal\", 403);",
              "err": {},
              "uuid": "2ecc41d7-6871-4933-a696-25c38065134d",
              "parentUUID": "f3dc0bca-2835-4898-b680-570f275f9797",
              "isHook": false,
              "skipped": false
            },
            {
              "title": "returns 204 - success, when admin edit",
              "fullTitle": "DELETE /api/products/:productId returns 204 - success, when admin edit",
              "timedOut": null,
              "duration": 34,
              "state": "passed",
              "speed": "fast",
              "pass": true,
              "fail": false,
              "pending": false,
              "context": null,
              "code": "cy.request({\n  url: endpoint,\n  method: \"DELETE\",\n  headers: {\n    Authorization: `Bearer ${_tokens.adminToken}`\n  }\n}).its(\"status\").should(\"equal\", 204);",
              "err": {},
              "uuid": "ffbe2178-f995-42fb-970d-4836506eba4e",
              "parentUUID": "f3dc0bca-2835-4898-b680-570f275f9797",
              "isHook": false,
              "skipped": false
            },
            {
              "title": "returns 404 - not found",
              "fullTitle": "DELETE /api/products/:productId returns 404 - not found",
              "timedOut": null,
              "duration": 29,
              "state": "passed",
              "speed": "fast",
              "pass": true,
              "fail": false,
              "pending": false,
              "context": null,
              "code": "cy.request({\n  url: \"http://localhost:3000/api/products/not-existing-id\",\n  method: \"DELETE\",\n  headers: {\n    Authorization: `Bearer ${_tokens.aliceToken}`\n  },\n  failOnStatusCode: false\n}).its(\"status\").should(\"equal\", 404);",
              "err": {},
              "uuid": "d6dcb336-b0f3-4d95-9092-805d291f7607",
              "parentUUID": "f3dc0bca-2835-4898-b680-570f275f9797",
              "isHook": false,
              "skipped": false
            },
            {
              "title": "check mutation - object deleted in database",
              "fullTitle": "DELETE /api/products/:productId check mutation - object deleted in database",
              "timedOut": null,
              "duration": 37,
              "state": "passed",
              "speed": "fast",
              "pass": true,
              "fail": false,
              "pending": false,
              "context": null,
              "code": "cy.request({\n  url: endpoint,\n  method: \"GET\",\n  headers: {\n    Authorization: `Bearer ${_tokens.aliceToken}`\n  }\n}).then(response => {\n  expect(response.status).to.be.eq(200);\n  cy.request({\n    url: endpoint,\n    method: \"DELETE\",\n    headers: {\n      Authorization: `Bearer ${_tokens.aliceToken}`\n    }\n  }).then(response => {\n    expect(response.status).to.be.eq(204);\n    cy.request({\n      url: endpoint,\n      method: \"GET\",\n      headers: {\n        Authorization: `Bearer ${_tokens.aliceToken}`\n      },\n      failOnStatusCode: false\n    }).then(response => {\n      expect(response.status).to.be.eq(404);\n    });\n  });\n});",
              "err": {},
              "uuid": "5538c4dd-1111-423a-9646-eaf36be7dc6a",
              "parentUUID": "f3dc0bca-2835-4898-b680-570f275f9797",
              "isHook": false,
              "skipped": false
            }
          ],
          "suites": [],
          "passes": [
            "76983b87-a654-4bd7-bd60-a167d87bce0b",
            "746320b1-5e88-4ca9-8432-1a4dd53ea5bb",
            "2ecc41d7-6871-4933-a696-25c38065134d",
            "ffbe2178-f995-42fb-970d-4836506eba4e",
            "d6dcb336-b0f3-4d95-9092-805d291f7607",
            "5538c4dd-1111-423a-9646-eaf36be7dc6a"
          ],
          "failures": [],
          "pending": [],
          "skipped": [],
          "duration": 191,
          "root": false,
          "rootEmpty": false,
          "_timeout": 2000
        },
        {
          "uuid": "16af233c-e87b-4aca-86e1-fbac12a4c760",
          "title": "POST /api/products/:productId/bids",
          "fullFile": "",
          "file": "",
          "beforeHooks": [],
          "afterHooks": [],
          "tests": [
            {
              "title": "returns 401 - not authorized",
              "fullTitle": "POST /api/products/:productId/bids returns 401 - not authorized",
              "timedOut": null,
              "duration": 21,
              "state": "passed",
              "speed": "fast",
              "pass": true,
              "fail": false,
              "pending": false,
              "context": null,
              "code": "cy.request({\n  method: \"POST\",\n  url: \"http://localhost:3000/api/products/a0f7c522-78f8-442e-a55d-642cfe566634/bids\",\n  headers: {\n    Authorization: `Bearer BAD_TOKEN`\n  },\n  body: {\n    name: \"New Product\",\n    description: \"This is a new product\",\n    category: \"Electronics\",\n    originalPrice: 99,\n    pictureUrl: \"https://example.com/product.jpg\",\n    endDate: \"2023-04-01T00:00:00.000Z\"\n  },\n  failOnStatusCode: false\n}).its(\"status\").should(\"equal\", 401);",
              "err": {},
              "uuid": "f8015b07-6d45-4487-baaf-ca7896584299",
              "parentUUID": "16af233c-e87b-4aca-86e1-fbac12a4c760",
              "isHook": false,
              "skipped": false
            },
            {
              "title": "returns 201 - created",
              "fullTitle": "POST /api/products/:productId/bids returns 201 - created",
              "timedOut": null,
              "duration": 30,
              "state": "passed",
              "speed": "fast",
              "pass": true,
              "fail": false,
              "pending": false,
              "context": null,
              "code": "// Create a new product\ncy.request({\n  method: \"POST\",\n  url: \"http://localhost:3000/api/products/a0f7c522-78f8-442e-a55d-642cfe566634/bids\",\n  headers: {\n    Authorization: `Bearer ${_tokens.aliceToken}`\n  },\n  body: {\n    price: 42\n  }\n}).then(response => {\n  // Assert that the response is as expected\n  expect(response.status).to.eq(201);\n  expect(response.body.id).to.be.match(_pattern.UUIDv4);\n  expect(response.body.productId).to.be.match(_pattern.UUIDv4);\n  expect(response.body.price).to.be.a(\"number\");\n  expect(response.body.date).to.match(_pattern.IOS8601);\n  expect(response.body.bidderId).to.match(_pattern.UUIDv4);\n});",
              "err": {},
              "uuid": "bc87fabf-e10f-4569-9420-f6eeb92ceab9",
              "parentUUID": "16af233c-e87b-4aca-86e1-fbac12a4c760",
              "isHook": false,
              "skipped": false
            },
            {
              "title": "returns 400 - missing or invalid fields",
              "fullTitle": "POST /api/products/:productId/bids returns 400 - missing or invalid fields",
              "timedOut": null,
              "duration": 31,
              "state": "passed",
              "speed": "fast",
              "pass": true,
              "fail": false,
              "pending": false,
              "context": null,
              "code": "// Create a new product\ncy.request({\n  method: \"POST\",\n  url: \"http://localhost:3000/api/products/a0f7c522-78f8-442e-a55d-642cfe566634/bids\",\n  headers: {\n    Authorization: `Bearer ${_tokens.aliceToken}`\n  },\n  body: {\n    // price: 42, missing\n  },\n  failOnStatusCode: false\n}).then(req => {\n  expect(req.status).to.be.eq(400);\n  expect(req.body.error).to.be.eq(\"Invalid or missing fields\");\n  expect(req.body.details).to.exist;\n});",
              "err": {},
              "uuid": "319139af-b27f-4d3d-adc1-d59e0df5eb89",
              "parentUUID": "16af233c-e87b-4aca-86e1-fbac12a4c760",
              "isHook": false,
              "skipped": false
            },
            {
              "title": "check mutation - object created in database",
              "fullTitle": "POST /api/products/:productId/bids check mutation - object created in database",
              "timedOut": null,
              "duration": 36,
              "state": "passed",
              "speed": "fast",
              "pass": true,
              "fail": false,
              "pending": false,
              "context": null,
              "code": "cy.request({\n  method: \"POST\",\n  url: \"http://localhost:3000/api/products/a0f7c522-78f8-442e-a55d-642cfe566634/bids\",\n  headers: {\n    Authorization: `Bearer ${_tokens.aliceToken}`\n  },\n  body: {\n    price: 42\n  }\n}).then(response => {\n  expect(response.status).to.be.eq(201);\n  const newBid = response.body;\n  cy.request(\"http://localhost:3000/api/products/a0f7c522-78f8-442e-a55d-642cfe566634\").then(response => {\n    const product = response.body;\n    expect(product.bids.some(bid => bid.id === newBid.id)).to.be.true;\n  });\n});",
              "err": {},
              "uuid": "146a722d-1703-4050-9b3f-a515c8f15942",
              "parentUUID": "16af233c-e87b-4aca-86e1-fbac12a4c760",
              "isHook": false,
              "skipped": false
            }
          ],
          "suites": [],
          "passes": [
            "f8015b07-6d45-4487-baaf-ca7896584299",
            "bc87fabf-e10f-4569-9420-f6eeb92ceab9",
            "319139af-b27f-4d3d-adc1-d59e0df5eb89",
            "146a722d-1703-4050-9b3f-a515c8f15942"
          ],
          "failures": [],
          "pending": [],
          "skipped": [],
          "duration": 118,
          "root": false,
          "rootEmpty": false,
          "_timeout": 2000
        },
        {
          "uuid": "6b194042-b124-4a23-bb2c-c50f4f728f8a",
          "title": "DELETE /bids/:bidId",
          "fullFile": "",
          "file": "",
          "beforeHooks": [],
          "afterHooks": [],
          "tests": [
            {
              "title": "returns 401 - not authorized",
              "fullTitle": "DELETE /bids/:bidId returns 401 - not authorized",
              "timedOut": null,
              "duration": 31,
              "state": "passed",
              "speed": "fast",
              "pass": true,
              "fail": false,
              "pending": false,
              "context": null,
              "code": "cy.request({\n  method: \"DELETE\",\n  url: endpoint,\n  headers: {\n    Authorization: `Bearer BAD_TOKEN`\n  },\n  failOnStatusCode: false\n}).its(\"status\").should(\"equal\", 401);",
              "err": {},
              "uuid": "6d33fad4-091f-4dd3-a6aa-ae587faac62e",
              "parentUUID": "6b194042-b124-4a23-bb2c-c50f4f728f8a",
              "isHook": false,
              "skipped": false
            },
            {
              "title": "returns 204 - success, when owner edit",
              "fullTitle": "DELETE /bids/:bidId returns 204 - success, when owner edit",
              "timedOut": null,
              "duration": 25,
              "state": "passed",
              "speed": "fast",
              "pass": true,
              "fail": false,
              "pending": false,
              "context": null,
              "code": "cy.request({\n  url: endpoint,\n  method: \"DELETE\",\n  headers: {\n    Authorization: `Bearer ${_tokens.charlyToken}`\n  }\n}).its(\"status\").should(\"equal\", 204);",
              "err": {},
              "uuid": "a4374fac-ba67-4b68-8ef9-9bfd444b1c34",
              "parentUUID": "6b194042-b124-4a23-bb2c-c50f4f728f8a",
              "isHook": false,
              "skipped": false
            },
            {
              "title": "returns 403 - forbidden, when non owner edit",
              "fullTitle": "DELETE /bids/:bidId returns 403 - forbidden, when non owner edit",
              "timedOut": null,
              "duration": 32,
              "state": "passed",
              "speed": "fast",
              "pass": true,
              "fail": false,
              "pending": false,
              "context": null,
              "code": "cy.request({\n  url: endpoint,\n  method: \"DELETE\",\n  headers: {\n    Authorization: `Bearer ${_tokens.bobToken}`\n  },\n  failOnStatusCode: false\n}).its(\"status\").should(\"equal\", 403);",
              "err": {},
              "uuid": "52f6601a-358a-4c41-aaea-ce85a0720385",
              "parentUUID": "6b194042-b124-4a23-bb2c-c50f4f728f8a",
              "isHook": false,
              "skipped": false
            },
            {
              "title": "returns 204 - success, when admin edit",
              "fullTitle": "DELETE /bids/:bidId returns 204 - success, when admin edit",
              "timedOut": null,
              "duration": 28,
              "state": "passed",
              "speed": "fast",
              "pass": true,
              "fail": false,
              "pending": false,
              "context": null,
              "code": "cy.request({\n  url: endpoint,\n  method: \"DELETE\",\n  headers: {\n    Authorization: `Bearer ${_tokens.adminToken}`\n  }\n}).its(\"status\").should(\"equal\", 204);",
              "err": {},
              "uuid": "af5f4abd-0299-4a47-bd8e-6b7a24ca64c4",
              "parentUUID": "6b194042-b124-4a23-bb2c-c50f4f728f8a",
              "isHook": false,
              "skipped": false
            },
            {
              "title": "returns 404 - not found",
              "fullTitle": "DELETE /bids/:bidId returns 404 - not found",
              "timedOut": null,
              "duration": 29,
              "state": "passed",
              "speed": "fast",
              "pass": true,
              "fail": false,
              "pending": false,
              "context": null,
              "code": "cy.request({\n  url: \"http://localhost:3000/api/products/not-existing-id\",\n  method: \"DELETE\",\n  headers: {\n    Authorization: `Bearer ${_tokens.aliceToken}`\n  },\n  failOnStatusCode: false\n}).its(\"status\").should(\"equal\", 404);",
              "err": {},
              "uuid": "f74a5057-d47e-47db-bdc2-6d2aecbb728d",
              "parentUUID": "6b194042-b124-4a23-bb2c-c50f4f728f8a",
              "isHook": false,
              "skipped": false
            },
            {
              "title": "check mutation - object deleted in database",
              "fullTitle": "DELETE /bids/:bidId check mutation - object deleted in database",
              "timedOut": null,
              "duration": 27,
              "state": "passed",
              "speed": "fast",
              "pass": true,
              "fail": false,
              "pending": false,
              "context": null,
              "code": "cy.request({\n  url: \"http://localhost:3000/api/products/a0f7c522-78f8-442e-a55d-642cfe566634\",\n  method: \"GET\",\n  headers: {\n    Authorization: `Bearer ${_tokens.aliceToken}`\n  }\n}).then(response => {\n  const product = response.body;\n  expect(product.bids.some(bid => bid.id === \"8ccc6e79-f3c9-43e9-b47e-5be7b84d8de7\")).to.be.true;\n  cy.request({\n    url: endpoint,\n    method: \"DELETE\",\n    headers: {\n      Authorization: `Bearer ${_tokens.charlyToken}`\n    }\n  }).then(response => {\n    expect(response.status).to.be.eq(204);\n    cy.request({\n      url: \"http://localhost:3000/api/products/a0f7c522-78f8-442e-a55d-642cfe566634\",\n      method: \"GET\",\n      headers: {\n        Authorization: `Bearer ${_tokens.aliceToken}`\n      },\n      failOnStatusCode: false\n    }).then(response => {\n      const product = response.body;\n      expect(product.bids.some(bid => bid.id === \"8ccc6e79-f3c9-43e9-b47e-5be7b84d8de7\")).to.be.false;\n    });\n  });\n});",
              "err": {},
              "uuid": "d9375722-e4b5-49b2-a57d-bd49bb5ccff3",
              "parentUUID": "6b194042-b124-4a23-bb2c-c50f4f728f8a",
              "isHook": false,
              "skipped": false
            }
          ],
          "suites": [],
          "passes": [
            "6d33fad4-091f-4dd3-a6aa-ae587faac62e",
            "a4374fac-ba67-4b68-8ef9-9bfd444b1c34",
            "52f6601a-358a-4c41-aaea-ce85a0720385",
            "af5f4abd-0299-4a47-bd8e-6b7a24ca64c4",
            "f74a5057-d47e-47db-bdc2-6d2aecbb728d",
            "d9375722-e4b5-49b2-a57d-bd49bb5ccff3"
          ],
          "failures": [],
          "pending": [],
          "skipped": [],
          "duration": 172,
          "root": false,
          "rootEmpty": false,
          "_timeout": 2000
        },
        {
          "uuid": "69ad071e-5fe5-4b14-8ceb-26d2f5adf164",
          "title": "GET /api/users/:userId",
          "fullFile": "",
          "file": "",
          "beforeHooks": [],
          "afterHooks": [],
          "tests": [
            {
              "title": "returns 404 - not found",
              "fullTitle": "GET /api/users/:userId returns 404 - not found",
              "timedOut": null,
              "duration": 33,
              "state": "passed",
              "speed": "fast",
              "pass": true,
              "fail": false,
              "pending": false,
              "context": null,
              "code": "cy.request({\n  url: \"http://localhost:3000/api/users/not-existing-id\",\n  failOnStatusCode: false\n}).its(\"status\").should(\"equal\", 404);",
              "err": {},
              "uuid": "945eb9c3-8c67-468a-9cbb-1606c96716f7",
              "parentUUID": "69ad071e-5fe5-4b14-8ceb-26d2f5adf164",
              "isHook": false,
              "skipped": false
            },
            {
              "title": "returns 200 - success",
              "fullTitle": "GET /api/users/:userId returns 200 - success",
              "timedOut": null,
              "duration": 101,
              "state": "passed",
              "speed": "fast",
              "pass": true,
              "fail": false,
              "pending": false,
              "context": null,
              "code": "cy.request(\"http://localhost:3000/api/users/1f2fadb1-0d7e-47a7-9d5b-ed031d665d3e\").then(response => {\n  expect(response.status).to.be.eq(200);\n  expect(response.headers[\"content-type\"]).to.contains(\"application/json\");\n  const user = response.body;\n  expect(user.id).to.eq(\"1f2fadb1-0d7e-47a7-9d5b-ed031d665d3e\");\n  expect(user.username).to.be.eq(\"alice\");\n  expect(user.admin).to.be.false;\n  for (let product of user.products) {\n    expect(product.id).to.be.a(\"string\");\n    expect(product.id).to.match(_pattern.UUIDv4);\n    expect(product.description).to.be.a(\"string\");\n    expect(product.category).to.be.a(\"string\");\n    expect(product.originalPrice).to.be.a(\"number\");\n    expect(product.pictureUrl).to.be.a(\"string\");\n    expect(product.endDate).to.be.a(\"string\");\n    expect(product.endDate).to.match(_pattern.IOS8601);\n  }\n  for (let bid of user.bids) {\n    expect(bid.id).to.be.a(\"string\");\n    expect(bid.id).to.match(_pattern.UUIDv4);\n    expect(bid.price).to.be.a(\"number\");\n    expect(bid.date).to.be.a(\"string\");\n    expect(bid.date).to.match(_pattern.IOS8601);\n    expect(bid.product.id).to.a(\"string\");\n    expect(bid.product.id).to.match(_pattern.UUIDv4);\n    expect(bid.product.name).to.a(\"string\");\n  }\n});",
              "err": {},
              "uuid": "b1b5487d-e848-4b31-9bd7-e461c1689066",
              "parentUUID": "69ad071e-5fe5-4b14-8ceb-26d2f5adf164",
              "isHook": false,
              "skipped": false
            }
          ],
          "suites": [],
          "passes": [
            "945eb9c3-8c67-468a-9cbb-1606c96716f7",
            "b1b5487d-e848-4b31-9bd7-e461c1689066"
          ],
          "failures": [],
          "pending": [],
          "skipped": [],
          "duration": 134,
          "root": false,
          "rootEmpty": false,
          "_timeout": 2000
        }
      ],
      "passes": [],
      "failures": [],
      "pending": [],
      "skipped": [],
      "duration": 0,
      "root": true,
      "rootEmpty": true,
      "_timeout": 2000
    }
  ],
  "meta": {
    "mocha": {
      "version": "7.0.1"
    },
    "mochawesome": {
      "options": {
        "quiet": false,
        "reportFilename": "mochawesome",
        "saveHtml": false,
        "saveJson": true,
        "consoleReporter": "spec",
        "useInlineDiffs": false,
        "code": true
      },
      "version": "7.1.3"
    },
    "marge": {
      "options": {
        "reportDir": "cypress/results",
        "overwrite": false,
        "html": false,
        "json": true
      },
      "version": "6.2.0"
    }
  }
}